<?xml version="1.0" encoding="utf-8"?><testsuites name="pytest tests"><testsuite name="pytest" errors="0" failures="2" skipped="0" tests="29" time="2.259" timestamp="2026-02-02T12:05:01.255473+00:00" hostname="agent-env-b6703c0c-999f-4733-a12e-d38c2c3a8c0c"><testcase classname="tests.test_realum_api.TestSeedEndpoint" name="test_seed_creates_data" time="0.097" /><testcase classname="tests.test_realum_api.TestAuthEndpoints" name="test_register_new_user" time="0.265" /><testcase classname="tests.test_realum_api.TestAuthEndpoints" name="test_register_duplicate_email" time="0.248" /><testcase classname="tests.test_realum_api.TestAuthEndpoints" name="test_login_success" time="0.275" /><testcase classname="tests.test_realum_api.TestAuthEndpoints" name="test_login_invalid_credentials" time="0.050" /><testcase classname="tests.test_realum_api.TestAuthEndpoints" name="test_get_current_user" time="0.013" /><testcase classname="tests.test_realum_api.TestAuthEndpoints" name="test_get_user_without_auth" time="0.049" /><testcase classname="tests.test_realum_api.TestCityZonesEndpoints" name="test_get_all_zones" time="0.010"><failure message="AssertionError: assert 10 == 8&#10; +  where 10 = len([{'buildings': ['City Hall', 'REALUM Bank', 'Trade Center', 'DAO Council Chamber', 'Treasury Building'], 'color': '#00F0FF', 'description': 'The administrative and financial heart of REALUM - home to government, banking, and business institutions', 'features': ['Virtual Administration', 'Simulated Taxes', 'Company Registration'], ...}, {'buildings': ['Tech Hub', 'Data Center', 'Startup Garage', 'AI Research Center', 'Smart Contract Lab'], 'color': '#FF003C', 'description': 'Innovation and technology hub - startups, data centers, and blockchain infrastructure', 'features': ['Smart Contracts', 'AI Assistants', 'Blockchain Integration'], ...}, {'buildings': ['Factory Alpha', 'Central Warehouse', 'Power Plant', 'Logistics Hub', 'Recycling Center'], 'color': '#F9F871', 'description': 'Manufacturing, production, and energy generation facilities powering the REALUM economy', 'features': ['Production Economy', 'Supply Chain', 'Energy Grid'], ...}, {'buildings': ['Citizen Apartments', 'Community Center', 'Central Park', 'Wellness Hub', 'Ambassador Hub'], 'color': '#00FF88', 'description': 'Living quarters, wellness centers, and community spaces for REALUM citizens', 'features': ['Social Connections', 'Health &amp; Wellness', 'Community Events'], ...}, {'buildings': ['REALUM University', 'City Library', 'Research Lab', 'Virtual Academy', 'Skill Center'], 'color': '#9D4EDD', 'description': 'Virtual universities, libraries, and research institutions for learning and skill development', 'features': ['Gamified Learning', 'Skill Certification', 'Research Projects'], ...}, {'buildings': ['Grand Bazaar', 'NFT Gallery', 'Auction House', 'Creator Studio', 'Digital Mall'], 'color': '#FF6B35', 'description': 'Digital commerce, NFT galleries, and creator economy district for trading and creativity', 'features': ['NFT Trading', 'Digital Assets', 'Creator Economy'], ...}, ...])">tests/test_realum_api.py:178: in test_get_all_zones
    assert len(zones) == 8
E   AssertionError: assert 10 == 8
E    +  where 10 = len([{'buildings': ['City Hall', 'REALUM Bank', 'Trade Center', 'DAO Council Chamber', 'Treasury Building'], 'color': '#00F0FF', 'description': 'The administrative and financial heart of REALUM - home to government, banking, and business institutions', 'features': ['Virtual Administration', 'Simulated Taxes', 'Company Registration'], ...}, {'buildings': ['Tech Hub', 'Data Center', 'Startup Garage', 'AI Research Center', 'Smart Contract Lab'], 'color': '#FF003C', 'description': 'Innovation and technology hub - startups, data centers, and blockchain infrastructure', 'features': ['Smart Contracts', 'AI Assistants', 'Blockchain Integration'], ...}, {'buildings': ['Factory Alpha', 'Central Warehouse', 'Power Plant', 'Logistics Hub', 'Recycling Center'], 'color': '#F9F871', 'description': 'Manufacturing, production, and energy generation facilities powering the REALUM economy', 'features': ['Production Economy', 'Supply Chain', 'Energy Grid'], ...}, {'buildings': ['Citizen Apartments', 'Community Center', 'Central Park', 'Wellness Hub', 'Ambassador Hub'], 'color': '#00FF88', 'description': 'Living quarters, wellness centers, and community spaces for REALUM citizens', 'features': ['Social Connections', 'Health &amp; Wellness', 'Community Events'], ...}, {'buildings': ['REALUM University', 'City Library', 'Research Lab', 'Virtual Academy', 'Skill Center'], 'color': '#9D4EDD', 'description': 'Virtual universities, libraries, and research institutions for learning and skill development', 'features': ['Gamified Learning', 'Skill Certification', 'Research Projects'], ...}, {'buildings': ['Grand Bazaar', 'NFT Gallery', 'Auction House', 'Creator Studio', 'Digital Mall'], 'color': '#FF6B35', 'description': 'Digital commerce, NFT galleries, and creator economy district for trading and creativity', 'features': ['NFT Trading', 'Digital Assets', 'Creator Economy'], ...}, ...])</failure></testcase><testcase classname="tests.test_realum_api.TestJobsEndpoints" name="test_get_available_jobs" time="0.009" /><testcase classname="tests.test_realum_api.TestJobsEndpoints" name="test_apply_for_job" time="0.017" /><testcase classname="tests.test_realum_api.TestJobsEndpoints" name="test_get_active_jobs" time="0.049" /><testcase classname="tests.test_realum_api.TestJobsEndpoints" name="test_complete_job" time="0.119" /><testcase classname="tests.test_realum_api.TestJobsEndpoints" name="test_apply_job_not_found" time="0.010" /><testcase classname="tests.test_realum_api.TestProposalsEndpoints" name="test_get_proposals" time="0.010"><failure message="AssertionError: assert 9 == 7&#10; +  where 9 = len([{'created_at': '2026-02-02T12:05:01.538979+00:00', 'description': 'Create an official REALUM cultural heritage NFT collection, tokenizing art, traditions, and historical monuments with proceeds supporting local artists.', 'ends_at': '2026-02-08T12:05:01.538981+00:00', 'id': 'prop-7', ...}, {'created_at': '2026-02-02T12:05:01.538975+00:00', 'description': 'Establish a 100,000 REALUM fund for community micro-grants. Citizens can apply for grants up to 1,000 REALUM for small community initiatives and projects.', 'ends_at': '2026-02-10T12:05:01.538977+00:00', 'id': 'prop-6', ...}, {'created_at': '2026-02-02T12:05:01.538971+00:00', 'description': 'Introduce quadratic voting for strategic decisions and grant allocation, giving more weight to passionate voters while preventing plutocracy.', 'ends_at': '2026-02-16T12:05:01.538973+00:00', 'id': 'prop-5', ...}, {'created_at': '2026-02-02T12:05:01.538968+00:00', 'description': 'Fund the creation of 50 new gamified courses across technology, economics, and civic education. All course completions will award badges convertible to NFTs.', 'ends_at': '2026-02-12T12:05:01.538969+00:00', 'id': 'prop-4', ...}, {'created_at': '2026-02-02T12:05:01.538963+00:00', 'description': 'Implement green initiatives across all industrial zones to reduce carbon footprint by 30%. Includes carbon token rewards for eco-friendly activities.', 'ends_at': '2026-02-09T12:05:01.538965+00:00', 'id': 'prop-3', ...}, {'created_at': '2026-02-02T12:05:01.538959+00:00', 'description': 'Allocate 50,000 REALUM from the treasury to construct a new innovation center in the Tech District, creating 20 new jobs and boosting technological advancement.', 'ends_at': '2026-02-05T12:05:01.538960+00:00', 'id': 'prop-2', ...}, ...])">tests/test_realum_api.py:297: in test_get_proposals
    assert len(proposals) == 7
E   AssertionError: assert 9 == 7
E    +  where 9 = len([{'created_at': '2026-02-02T12:05:01.538979+00:00', 'description': 'Create an official REALUM cultural heritage NFT collection, tokenizing art, traditions, and historical monuments with proceeds supporting local artists.', 'ends_at': '2026-02-08T12:05:01.538981+00:00', 'id': 'prop-7', ...}, {'created_at': '2026-02-02T12:05:01.538975+00:00', 'description': 'Establish a 100,000 REALUM fund for community micro-grants. Citizens can apply for grants up to 1,000 REALUM for small community initiatives and projects.', 'ends_at': '2026-02-10T12:05:01.538977+00:00', 'id': 'prop-6', ...}, {'created_at': '2026-02-02T12:05:01.538971+00:00', 'description': 'Introduce quadratic voting for strategic decisions and grant allocation, giving more weight to passionate voters while preventing plutocracy.', 'ends_at': '2026-02-16T12:05:01.538973+00:00', 'id': 'prop-5', ...}, {'created_at': '2026-02-02T12:05:01.538968+00:00', 'description': 'Fund the creation of 50 new gamified courses across technology, economics, and civic education. All course completions will award badges convertible to NFTs.', 'ends_at': '2026-02-12T12:05:01.538969+00:00', 'id': 'prop-4', ...}, {'created_at': '2026-02-02T12:05:01.538963+00:00', 'description': 'Implement green initiatives across all industrial zones to reduce carbon footprint by 30%. Includes carbon token rewards for eco-friendly activities.', 'ends_at': '2026-02-09T12:05:01.538965+00:00', 'id': 'prop-3', ...}, {'created_at': '2026-02-02T12:05:01.538959+00:00', 'description': 'Allocate 50,000 REALUM from the treasury to construct a new innovation center in the Tech District, creating 20 new jobs and boosting technological advancement.', 'ends_at': '2026-02-05T12:05:01.538960+00:00', 'id': 'prop-2', ...}, ...])</failure></testcase><testcase classname="tests.test_realum_api.TestProposalsEndpoints" name="test_vote_on_proposal" time="0.065" /><testcase classname="tests.test_realum_api.TestProposalsEndpoints" name="test_vote_against_proposal" time="0.248" /><testcase classname="tests.test_realum_api.TestProposalsEndpoints" name="test_vote_proposal_not_found" time="0.049" /><testcase classname="tests.test_realum_api.TestProposalsEndpoints" name="test_create_proposal_level_requirement" time="0.240" /><testcase classname="tests.test_realum_api.TestWalletEndpoints" name="test_get_balance" time="0.008" /><testcase classname="tests.test_realum_api.TestWalletEndpoints" name="test_get_transactions" time="0.051" /><testcase classname="tests.test_realum_api.TestWalletEndpoints" name="test_transfer_coins" time="0.012" /><testcase classname="tests.test_realum_api.TestWalletEndpoints" name="test_transfer_insufficient_balance" time="0.009" /><testcase classname="tests.test_realum_api.TestWalletEndpoints" name="test_transfer_invalid_amount" time="0.052" /><testcase classname="tests.test_realum_api.TestWalletEndpoints" name="test_transfer_to_nonexistent_user" time="0.008" /><testcase classname="tests.test_realum_api.TestWalletEndpoints" name="test_connect_wallet" time="0.010" /><testcase classname="tests.test_realum_api.TestWalletEndpoints" name="test_connect_invalid_wallet" time="0.051" /><testcase classname="tests.test_realum_api.TestLeaderboardEndpoints" name="test_get_leaderboard" time="0.007" /><testcase classname="tests.test_realum_api.TestBadgesEndpoints" name="test_get_all_badges" time="0.008" /><testcase classname="tests.test_realum_api.TestPlatformStatsEndpoints" name="test_get_platform_stats" time="0.010" /></testsuite></testsuites>