<?xml version="1.0" encoding="utf-8"?><testsuites name="pytest tests"><testsuite name="pytest" errors="0" failures="0" skipped="10" tests="29" time="3.851" timestamp="2026-05-10T13:04:30.126409+00:00" hostname="agent-env-d95ed649-b288-488d-b6ea-9c694f054ae8"><testcase classname="backend.tests.test_new_features_iteration8.TestAuthentication" name="test_login_success" time="0.377" /><testcase classname="backend.tests.test_new_features_iteration8.TestTutorialAPI" name="test_get_tutorial_steps" time="0.133" /><testcase classname="backend.tests.test_new_features_iteration8.TestTutorialAPI" name="test_get_tutorial_npcs" time="0.132" /><testcase classname="backend.tests.test_new_features_iteration8.TestTutorialAPI" name="test_get_tutorial_progress" time="0.449" /><testcase classname="backend.tests.test_new_features_iteration8.TestTutorialAPI" name="test_complete_tutorial_step" time="0.215" /><testcase classname="backend.tests.test_new_features_iteration8.TestFriendsAPI" name="test_get_gift_types" time="0.111" /><testcase classname="backend.tests.test_new_features_iteration8.TestFriendsAPI" name="test_get_friends_list" time="0.439" /><testcase classname="backend.tests.test_new_features_iteration8.TestFriendsAPI" name="test_get_friend_requests" time="0.107" /><testcase classname="backend.tests.test_new_features_iteration8.TestFriendsAPI" name="test_get_received_gifts" time="0.113" /><testcase classname="backend.tests.test_new_features_iteration8.TestFriendsAPI" name="test_get_sent_gifts" time="0.129" /><testcase classname="backend.tests.test_new_features_iteration8.TestFriendsAPI" name="test_send_friend_request_invalid_user" time="0.105" /><testcase classname="backend.tests.test_new_features_iteration8.TestTournamentsAPI" name="test_get_tournament_types" time="0.118" /><testcase classname="backend.tests.test_new_features_iteration8.TestTournamentsAPI" name="test_get_active_tournaments" time="0.130" /><testcase classname="backend.tests.test_new_features_iteration8.TestTournamentsAPI" name="test_get_upcoming_tournaments" time="0.104" /><testcase classname="backend.tests.test_new_features_iteration8.TestTournamentsAPI" name="test_get_past_tournaments" time="0.115" /><testcase classname="backend.tests.test_new_features_iteration8.TestTournamentsAPI" name="test_get_global_leaderboard" time="0.112" /><testcase classname="backend.tests.test_new_features_iteration8.TestTournamentsAPI" name="test_get_my_tournaments" time="0.109"><skipped type="pytest.skip" message="Authentication failed">/app/backend/tests/test_new_features_iteration8.py:253: Authentication failed</skipped></testcase><testcase classname="backend.tests.test_new_features_iteration8.TestDerivativesAPI" name="test_get_options_chain" time="0.233" /><testcase classname="backend.tests.test_new_features_iteration8.TestDerivativesAPI" name="test_get_futures_positions" time="0.107"><skipped type="pytest.skip" message="Authentication failed">/app/backend/tests/test_new_features_iteration8.py:298: Authentication failed</skipped></testcase><testcase classname="backend.tests.test_new_features_iteration8.TestDerivativesAPI" name="test_get_futures_history" time="0.000"><skipped type="pytest.skip" message="Authentication failed">/app/backend/tests/test_new_features_iteration8.py:306: Authentication failed</skipped></testcase><testcase classname="backend.tests.test_new_features_iteration8.TestDerivativesAPI" name="test_get_my_options" time="0.000"><skipped type="pytest.skip" message="Authentication failed">/app/backend/tests/test_new_features_iteration8.py:314: Authentication failed</skipped></testcase><testcase classname="backend.tests.test_new_features_iteration8.TestDerivativesAPI" name="test_get_options_history" time="0.000"><skipped type="pytest.skip" message="Authentication failed">/app/backend/tests/test_new_features_iteration8.py:322: Authentication failed</skipped></testcase><testcase classname="backend.tests.test_new_features_iteration8.TestDerivativesAPI" name="test_get_derivatives_stats" time="0.000"><skipped type="pytest.skip" message="Authentication failed">/app/backend/tests/test_new_features_iteration8.py:330: Authentication failed</skipped></testcase><testcase classname="backend.tests.test_new_features_iteration8.TestDerivativesAPI" name="test_open_futures_position_validation" time="0.000"><skipped type="pytest.skip" message="Authentication failed">/app/backend/tests/test_new_features_iteration8.py:341: Authentication failed</skipped></testcase><testcase classname="backend.tests.test_new_features_iteration8.TestBattlePassAPI" name="test_get_battlepass_info" time="0.134" /><testcase classname="backend.tests.test_new_features_iteration8.TestBattlePassAPI" name="test_get_my_battlepass_progress" time="0.107"><skipped type="pytest.skip" message="Authentication failed">/app/backend/tests/test_new_features_iteration8.py:385: Authentication failed</skipped></testcase><testcase classname="backend.tests.test_new_features_iteration8.TestBattlePassAPI" name="test_get_weekly_challenges" time="0.000"><skipped type="pytest.skip" message="Authentication failed">/app/backend/tests/test_new_features_iteration8.py:397: Authentication failed</skipped></testcase><testcase classname="backend.tests.test_new_features_iteration8.TestBattlePassAPI" name="test_get_battlepass_leaderboard" time="0.110" /><testcase classname="backend.tests.test_new_features_iteration8.TestDashboardQuickActions" name="test_all_quick_action_endpoints_exist" time="0.102"><skipped type="pytest.skip" message="Authentication failed">/app/backend/tests/test_new_features_iteration8.py:432: Authentication failed</skipped></testcase></testsuite></testsuites>