<?xml version="1.0" encoding="utf-8"?><testsuites name="pytest tests"><testsuite name="pytest" errors="0" failures="1" skipped="0" tests="35" time="4.741" timestamp="2026-02-02T12:35:01.982605+00:00" hostname="agent-env-b6703c0c-999f-4733-a12e-d38c2c3a8c0c"><testcase classname="tests.test_realum_comprehensive.TestSeedEndpoint" name="test_seed_creates_data" time="0.133" /><testcase classname="tests.test_realum_comprehensive.TestAuthEndpoints" name="test_register_new_user" time="0.313" /><testcase classname="tests.test_realum_comprehensive.TestAuthEndpoints" name="test_register_all_roles" time="1.317" /><testcase classname="tests.test_realum_comprehensive.TestAuthEndpoints" name="test_login_success" time="0.499" /><testcase classname="tests.test_realum_comprehensive.TestAuthEndpoints" name="test_login_invalid_credentials" time="0.054" /><testcase classname="tests.test_realum_comprehensive.TestAuthEndpoints" name="test_get_current_user" time="0.010" /><testcase classname="tests.test_realum_comprehensive.TestCityZonesEndpoints" name="test_get_all_zones" time="0.010" /><testcase classname="tests.test_realum_comprehensive.TestJobsEndpoints" name="test_get_available_jobs" time="0.011" /><testcase classname="tests.test_realum_comprehensive.TestJobsEndpoints" name="test_filter_jobs_by_zone" time="0.012" /><testcase classname="tests.test_realum_comprehensive.TestJobsEndpoints" name="test_apply_for_job" time="0.026"><failure message="assert 520 in [200, 400]&#10; +  where 520 = &lt;Response [520]&gt;.status_code">tests/test_realum_comprehensive.py:259: in test_apply_for_job
    assert response.status_code in [200, 400]  # 400 if already applied
    ^^^^^^^^^^^^^^^^^^^^^^^^^^^^^^^^^^^^^^^^^
E   assert 520 in [200, 400]
E    +  where 520 = &lt;Response [520]&gt;.status_code</failure></testcase><testcase classname="tests.test_realum_comprehensive.TestJobsEndpoints" name="test_get_active_jobs" time="0.012" /><testcase classname="tests.test_realum_comprehensive.TestCoursesEndpoints" name="test_get_all_courses" time="0.007" /><testcase classname="tests.test_realum_comprehensive.TestCoursesEndpoints" name="test_filter_courses_by_category" time="0.049" /><testcase classname="tests.test_realum_comprehensive.TestCoursesEndpoints" name="test_enroll_in_course" time="0.069" /><testcase classname="tests.test_realum_comprehensive.TestCoursesEndpoints" name="test_get_course_details" time="0.024" /><testcase classname="tests.test_realum_comprehensive.TestMarketplaceEndpoints" name="test_get_marketplace_items" time="0.007" /><testcase classname="tests.test_realum_comprehensive.TestMarketplaceEndpoints" name="test_filter_marketplace_by_category" time="0.051" /><testcase classname="tests.test_realum_comprehensive.TestMarketplaceEndpoints" name="test_purchase_item" time="0.043" /><testcase classname="tests.test_realum_comprehensive.TestMarketplaceEndpoints" name="test_creator_can_list_item" time="0.264" /><testcase classname="tests.test_realum_comprehensive.TestProjectsEndpoints" name="test_get_projects" time="0.011" /><testcase classname="tests.test_realum_comprehensive.TestProjectsEndpoints" name="test_get_project_details" time="0.059" /><testcase classname="tests.test_realum_comprehensive.TestProjectsEndpoints" name="test_join_project" time="0.016" /><testcase classname="tests.test_realum_comprehensive.TestProposalsEndpoints" name="test_get_proposals" time="0.008" /><testcase classname="tests.test_realum_comprehensive.TestProposalsEndpoints" name="test_vote_on_proposal" time="0.021" /><testcase classname="tests.test_realum_comprehensive.TestWalletEndpoints" name="test_get_wallet" time="0.009" /><testcase classname="tests.test_realum_comprehensive.TestWalletEndpoints" name="test_get_transactions" time="0.008" /><testcase classname="tests.test_realum_comprehensive.TestWalletEndpoints" name="test_transfer_tokens_with_burn" time="0.299" /><testcase classname="tests.test_realum_comprehensive.TestWalletEndpoints" name="test_connect_wallet" time="0.009" /><testcase classname="tests.test_realum_comprehensive.TestTokenEconomyEndpoints" name="test_get_token_stats" time="0.008" /><testcase classname="tests.test_realum_comprehensive.TestTokenEconomyEndpoints" name="test_get_burn_history" time="0.050" /><testcase classname="tests.test_realum_comprehensive.TestLeaderboardEndpoints" name="test_get_leaderboard" time="0.011" /><testcase classname="tests.test_realum_comprehensive.TestBadgesEndpoints" name="test_get_all_badges" time="0.009" /><testcase classname="tests.test_realum_comprehensive.TestSimulationEndpoints" name="test_setup_simulation" time="0.814" /><testcase classname="tests.test_realum_comprehensive.TestSimulationEndpoints" name="test_simulation_step1_purchase" time="0.268" /><testcase classname="tests.test_realum_comprehensive.TestPlatformStatsEndpoints" name="test_get_platform_stats" time="0.013" /></testsuite></testsuites>