<?xml version="1.0" encoding="utf-8"?><testsuites name="pytest tests"><testsuite name="pytest" errors="0" failures="0" skipped="0" tests="14" time="1.849" timestamp="2026-02-05T23:20:15.598615+00:00" hostname="agent-env-04413086-8f99-48b2-910a-59212fe21e7d"><testcase classname="backend.tests.test_events_features.TestWorldTime" name="test_world_time_returns_period" time="0.083" /><testcase classname="backend.tests.test_events_features.TestWorldTime" name="test_world_time_period_matches_is_day" time="0.041" /><testcase classname="backend.tests.test_events_features.TestNPCs" name="test_get_npcs_list" time="0.082" /><testcase classname="backend.tests.test_events_features.TestNPCs" name="test_npc_has_required_fields" time="0.042" /><testcase classname="backend.tests.test_events_features.TestNPCs" name="test_npc_locations_are_valid_zones" time="0.045" /><testcase classname="backend.tests.test_events_features.TestObjectives" name="test_get_objectives_requires_auth" time="0.041" /><testcase classname="backend.tests.test_events_features.TestObjectives" name="test_get_objectives_with_auth" time="0.359" /><testcase classname="backend.tests.test_events_features.TestObjectives" name="test_objectives_have_rlm_rewards" time="0.304" /><testcase classname="backend.tests.test_events_features.TestSeasonalCalendar" name="test_get_calendar" time="0.038" /><testcase classname="backend.tests.test_events_features.TestSeasonalCalendar" name="test_calendar_has_events" time="0.041" /><testcase classname="backend.tests.test_events_features.TestSeasonalCalendar" name="test_get_active_events" time="0.040" /><testcase classname="backend.tests.test_events_features.TestSeasonalCalendar" name="test_upcoming_events_have_required_fields" time="0.044" /><testcase classname="backend.tests.test_events_features.TestMiniTasks" name="test_get_tasks_with_auth" time="0.315" /><testcase classname="backend.tests.test_events_features.TestMiniTasks" name="test_tasks_have_required_fields" time="0.299" /></testsuite></testsuites>