<?xml version="1.0" encoding="utf-8"?><testsuites name="pytest tests"><testsuite name="pytest" errors="0" failures="0" skipped="0" tests="21" time="1.576" timestamp="2026-02-05T23:41:02.240573+00:00" hostname="agent-env-04413086-8f99-48b2-910a-59212fe21e7d"><testcase classname="backend.tests.test_payments_family.TestPaymentPackages" name="test_get_packages_returns_4_packages" time="0.077" /><testcase classname="backend.tests.test_payments_family.TestPaymentPackages" name="test_packages_have_correct_ids" time="0.050" /><testcase classname="backend.tests.test_payments_family.TestPaymentPackages" name="test_packages_have_prices_and_bonuses" time="0.014" /><testcase classname="backend.tests.test_payments_family.TestPaymentPackages" name="test_packages_include_crypto_rates" time="0.051" /><testcase classname="backend.tests.test_payments_family.TestCryptoPayments" name="test_initiate_crypto_purchase" time="0.267" /><testcase classname="backend.tests.test_payments_family.TestCryptoPayments" name="test_initiate_crypto_with_usdt" time="0.052" /><testcase classname="backend.tests.test_payments_family.TestCryptoPayments" name="test_initiate_crypto_invalid_package" time="0.052" /><testcase classname="backend.tests.test_payments_family.TestCryptoPayments" name="test_initiate_crypto_invalid_crypto_type" time="0.011" /><testcase classname="backend.tests.test_payments_family.TestCryptoPayments" name="test_simulate_crypto_payment_complete" time="0.106" /><testcase classname="backend.tests.test_payments_family.TestCryptoPayments" name="test_simulate_payment_invalid_transaction" time="0.011" /><testcase classname="backend.tests.test_payments_family.TestPaymentHistory" name="test_get_payment_history" time="0.009" /><testcase classname="backend.tests.test_payments_family.TestFamilyStatus" name="test_get_family_status" time="0.052" /><testcase classname="backend.tests.test_payments_family.TestFamilyStatus" name="test_family_status_includes_pending_proposals" time="0.054" /><testcase classname="backend.tests.test_payments_family.TestAdoption" name="test_get_available_children" time="0.011" /><testcase classname="backend.tests.test_payments_family.TestAdoption" name="test_adopt_child" time="0.113" /><testcase classname="backend.tests.test_payments_family.TestAdoption" name="test_adopt_child_insufficient_balance" time="0.301" /><testcase classname="backend.tests.test_payments_family.TestChildrenEndpoints" name="test_get_my_children" time="0.011" /><testcase classname="backend.tests.test_payments_family.TestChildrenEndpoints" name="test_interact_with_child" time="0.065" /><testcase classname="backend.tests.test_payments_family.TestFamilyBonuses" name="test_get_family_bonuses" time="0.051" /><testcase classname="backend.tests.test_payments_family.TestMarriageProposal" name="test_propose_to_self_fails" time="0.061" /><testcase classname="backend.tests.test_payments_family.TestMarriageProposal" name="test_propose_to_nonexistent_user_fails" time="0.052" /></testsuite></testsuites>