<?xml version="1.0" encoding="utf-8"?><testsuites name="pytest tests"><testsuite name="pytest" errors="0" failures="0" skipped="0" tests="35" time="4.334" timestamp="2026-02-02T13:28:02.429109+00:00" hostname="agent-env-981d5ebc-1dce-42e5-8960-90aace2fdfd2"><testcase classname="backend.tests.test_realum_comprehensive.TestSeedEndpoint" name="test_seed_creates_data" time="0.114" /><testcase classname="backend.tests.test_realum_comprehensive.TestAuthEndpoints" name="test_register_new_user" time="0.268" /><testcase classname="backend.tests.test_realum_comprehensive.TestAuthEndpoints" name="test_register_all_roles" time="1.251" /><testcase classname="backend.tests.test_realum_comprehensive.TestAuthEndpoints" name="test_login_success" time="0.506" /><testcase classname="backend.tests.test_realum_comprehensive.TestAuthEndpoints" name="test_login_invalid_credentials" time="0.009" /><testcase classname="backend.tests.test_realum_comprehensive.TestAuthEndpoints" name="test_get_current_user" time="0.009" /><testcase classname="backend.tests.test_realum_comprehensive.TestCityZonesEndpoints" name="test_get_all_zones" time="0.009" /><testcase classname="backend.tests.test_realum_comprehensive.TestJobsEndpoints" name="test_get_available_jobs" time="0.008" /><testcase classname="backend.tests.test_realum_comprehensive.TestJobsEndpoints" name="test_filter_jobs_by_zone" time="0.051" /><testcase classname="backend.tests.test_realum_comprehensive.TestJobsEndpoints" name="test_apply_for_job" time="0.023" /><testcase classname="backend.tests.test_realum_comprehensive.TestJobsEndpoints" name="test_get_active_jobs" time="0.012" /><testcase classname="backend.tests.test_realum_comprehensive.TestCoursesEndpoints" name="test_get_all_courses" time="0.010" /><testcase classname="backend.tests.test_realum_comprehensive.TestCoursesEndpoints" name="test_filter_courses_by_category" time="0.027" /><testcase classname="backend.tests.test_realum_comprehensive.TestCoursesEndpoints" name="test_enroll_in_course" time="0.025" /><testcase classname="backend.tests.test_realum_comprehensive.TestCoursesEndpoints" name="test_get_course_details" time="0.062" /><testcase classname="backend.tests.test_realum_comprehensive.TestMarketplaceEndpoints" name="test_get_marketplace_items" time="0.008" /><testcase classname="backend.tests.test_realum_comprehensive.TestMarketplaceEndpoints" name="test_filter_marketplace_by_category" time="0.008" /><testcase classname="backend.tests.test_realum_comprehensive.TestMarketplaceEndpoints" name="test_purchase_item" time="0.070" /><testcase classname="backend.tests.test_realum_comprehensive.TestMarketplaceEndpoints" name="test_creator_can_list_item" time="0.244" /><testcase classname="backend.tests.test_realum_comprehensive.TestProjectsEndpoints" name="test_get_projects" time="0.009" /><testcase classname="backend.tests.test_realum_comprehensive.TestProjectsEndpoints" name="test_get_project_details" time="0.057" /><testcase classname="backend.tests.test_realum_comprehensive.TestProjectsEndpoints" name="test_join_project" time="0.018" /><testcase classname="backend.tests.test_realum_comprehensive.TestProposalsEndpoints" name="test_get_proposals" time="0.008" /><testcase classname="backend.tests.test_realum_comprehensive.TestProposalsEndpoints" name="test_vote_on_proposal" time="0.061" /><testcase classname="backend.tests.test_realum_comprehensive.TestWalletEndpoints" name="test_get_wallet" time="0.054" /><testcase classname="backend.tests.test_realum_comprehensive.TestWalletEndpoints" name="test_get_transactions" time="0.008" /><testcase classname="backend.tests.test_realum_comprehensive.TestWalletEndpoints" name="test_transfer_tokens_with_burn" time="0.283" /><testcase classname="backend.tests.test_realum_comprehensive.TestWalletEndpoints" name="test_connect_wallet" time="0.009" /><testcase classname="backend.tests.test_realum_comprehensive.TestTokenEconomyEndpoints" name="test_get_token_stats" time="0.009" /><testcase classname="backend.tests.test_realum_comprehensive.TestTokenEconomyEndpoints" name="test_get_burn_history" time="0.008" /><testcase classname="backend.tests.test_realum_comprehensive.TestLeaderboardEndpoints" name="test_get_leaderboard" time="0.008" /><testcase classname="backend.tests.test_realum_comprehensive.TestBadgesEndpoints" name="test_get_all_badges" time="0.007" /><testcase classname="backend.tests.test_realum_comprehensive.TestSimulationEndpoints" name="test_setup_simulation" time="0.721" /><testcase classname="backend.tests.test_realum_comprehensive.TestSimulationEndpoints" name="test_simulation_step1_purchase" time="0.248" /><testcase classname="backend.tests.test_realum_comprehensive.TestPlatformStatsEndpoints" name="test_get_platform_stats" time="0.051" /></testsuite></testsuites>