<?xml version="1.0" encoding="utf-8"?><testsuites name="pytest tests"><testsuite name="pytest" errors="0" failures="0" skipped="4" tests="29" time="4.873" timestamp="2026-03-24T18:12:27.488579+00:00" hostname="agent-env-d95ed649-b288-488d-b6ea-9c694f054ae8"><testcase classname="backend.tests.test_guilds_chat_trading.TestGuildsPublicAPI" name="test_list_guilds" time="0.314" /><testcase classname="backend.tests.test_guilds_chat_trading.TestGuildsPublicAPI" name="test_list_guilds_with_search" time="0.121" /><testcase classname="backend.tests.test_guilds_chat_trading.TestGuildsPublicAPI" name="test_guild_leaderboard" time="0.199" /><testcase classname="backend.tests.test_guilds_chat_trading.TestGuildsPublicAPI" name="test_list_alliances" time="0.153" /><testcase classname="backend.tests.test_guilds_chat_trading.TestChatPublicAPI" name="test_get_channels" time="0.129" /><testcase classname="backend.tests.test_guilds_chat_trading.TestChatPublicAPI" name="test_get_global_messages" time="0.116" /><testcase classname="backend.tests.test_guilds_chat_trading.TestChatPublicAPI" name="test_get_trade_messages" time="0.179" /><testcase classname="backend.tests.test_guilds_chat_trading.TestChatPublicAPI" name="test_get_politics_messages" time="0.155" /><testcase classname="backend.tests.test_guilds_chat_trading.TestChatPublicAPI" name="test_get_help_messages" time="0.170" /><testcase classname="backend.tests.test_guilds_chat_trading.TestChatPublicAPI" name="test_invalid_channel_returns_404" time="0.111" /><testcase classname="backend.tests.test_guilds_chat_trading.TestChatPublicAPI" name="test_online_count" time="0.204" /><testcase classname="backend.tests.test_guilds_chat_trading.TestTradingPublicAPI" name="test_list_auctions" time="0.117" /><testcase classname="backend.tests.test_guilds_chat_trading.TestTradingPublicAPI" name="test_list_auctions_with_category_filter" time="0.109" /><testcase classname="backend.tests.test_guilds_chat_trading.TestTradingPublicAPI" name="test_list_auctions_sorted_by_price_low" time="0.127" /><testcase classname="backend.tests.test_guilds_chat_trading.TestTradingPublicAPI" name="test_list_auctions_sorted_by_price_high" time="0.105" /><testcase classname="backend.tests.test_guilds_chat_trading.TestTradingPublicAPI" name="test_list_auctions_sorted_by_newest" time="0.114" /><testcase classname="backend.tests.test_guilds_chat_trading.TestTradingPublicAPI" name="test_list_auctions_with_search" time="0.128" /><testcase classname="backend.tests.test_guilds_chat_trading.TestAuthenticatedGuildsAPI" name="test_my_guild_status" time="0.536" /><testcase classname="backend.tests.test_guilds_chat_trading.TestAuthenticatedChatAPI" name="test_send_message_to_global" time="0.489" /><testcase classname="backend.tests.test_guilds_chat_trading.TestAuthenticatedChatAPI" name="test_get_private_conversations" time="0.130"><skipped type="pytest.skip" message="Rate limited - skipping authenticated tests">/app/backend/tests/test_guilds_chat_trading.py:286: Rate limited - skipping authenticated tests</skipped></testcase><testcase classname="backend.tests.test_guilds_chat_trading.TestAuthenticatedTradingAPI" name="test_get_incoming_offers" time="0.110"><skipped type="pytest.skip" message="Rate limited - skipping authenticated tests">/app/backend/tests/test_guilds_chat_trading.py:317: Rate limited - skipping authenticated tests</skipped></testcase><testcase classname="backend.tests.test_guilds_chat_trading.TestAuthenticatedTradingAPI" name="test_get_outgoing_offers" time="0.127"><skipped type="pytest.skip" message="Rate limited - skipping authenticated tests">/app/backend/tests/test_guilds_chat_trading.py:327: Rate limited - skipping authenticated tests</skipped></testcase><testcase classname="backend.tests.test_guilds_chat_trading.TestAuthenticatedTradingAPI" name="test_get_my_auctions" time="0.095"><skipped type="pytest.skip" message="Rate limited - skipping authenticated tests">/app/backend/tests/test_guilds_chat_trading.py:337: Rate limited - skipping authenticated tests</skipped></testcase><testcase classname="backend.tests.test_guilds_chat_trading.TestAPIErrorHandling" name="test_unauthenticated_my_guild_returns_401" time="0.110" /><testcase classname="backend.tests.test_guilds_chat_trading.TestAPIErrorHandling" name="test_unauthenticated_send_message_returns_401" time="0.127" /><testcase classname="backend.tests.test_guilds_chat_trading.TestAPIErrorHandling" name="test_unauthenticated_private_chat_returns_401" time="0.105" /><testcase classname="backend.tests.test_guilds_chat_trading.TestAPIErrorHandling" name="test_unauthenticated_incoming_offers_returns_401" time="0.109" /><testcase classname="backend.tests.test_guilds_chat_trading.TestAPIErrorHandling" name="test_unauthenticated_outgoing_offers_returns_401" time="0.106" /><testcase classname="backend.tests.test_guilds_chat_trading.TestAPIErrorHandling" name="test_unauthenticated_my_auctions_returns_401" time="0.133" /></testsuite></testsuites>