<?xml version="1.0" encoding="utf-8"?><testsuites name="pytest tests"><testsuite name="pytest" errors="0" failures="3" skipped="3" tests="24" time="3.755" timestamp="2026-02-05T23:06:03.176612+00:00" hostname="agent-env-04413086-8f99-48b2-910a-59212fe21e7d"><testcase classname="backend.tests.test_auth_and_features.TestHealthCheck" name="test_health_endpoint" time="0.074" /><testcase classname="backend.tests.test_auth_and_features.TestAuthentication" name="test_login_success" time="0.269" /><testcase classname="backend.tests.test_auth_and_features.TestAuthentication" name="test_login_invalid_credentials" time="0.042"><failure message="assert 400 in [401, 404]&#10; +  where 400 = &lt;Response [400]&gt;.status_code">backend/tests/test_auth_and_features.py:49: in test_login_invalid_credentials
    assert response.status_code in [401, 404]
E   assert 400 in [401, 404]
E    +  where 400 = &lt;Response [400]&gt;.status_code</failure></testcase><testcase classname="backend.tests.test_auth_and_features.TestAuthentication" name="test_auth_me_with_valid_token" time="0.312" /><testcase classname="backend.tests.test_auth_and_features.TestAuthentication" name="test_auth_me_without_token" time="0.039" /><testcase classname="backend.tests.test_auth_and_features.TestAuthentication" name="test_auth_me_with_invalid_token" time="0.049" /><testcase classname="backend.tests.test_auth_and_features.TestNPCSystem" name="test_get_npc_list" time="0.046" /><testcase classname="backend.tests.test_auth_and_features.TestNPCSystem" name="test_get_npc_details" time="0.042" /><testcase classname="backend.tests.test_auth_and_features.TestNPCSystem" name="test_npc_ai_chat" time="1.249" /><testcase classname="backend.tests.test_auth_and_features.TestNPCSystem" name="test_npc_ai_chat_invalid_npc" time="0.309" /><testcase classname="backend.tests.test_auth_and_features.TestNPCSystem" name="test_start_npc_conversation" time="0.317" /><testcase classname="backend.tests.test_auth_and_features.TestSeasonalEventsCalendar" name="test_get_calendar" time="0.067" /><testcase classname="backend.tests.test_auth_and_features.TestSeasonalEventsCalendar" name="test_get_calendar_specific_month" time="0.042" /><testcase classname="backend.tests.test_auth_and_features.TestSeasonalEventsCalendar" name="test_get_active_seasonal_events" time="0.081" /><testcase classname="backend.tests.test_auth_and_features.TestMarketplaceInventory" name="test_get_marketplace_items" time="0.039" /><testcase classname="backend.tests.test_auth_and_features.TestMarketplaceInventory" name="test_get_user_inventory" time="0.297" /><testcase classname="backend.tests.test_auth_and_features.TestMarketplaceInventory" name="test_inventory_requires_auth" time="0.038" /><testcase classname="backend.tests.test_auth_and_features.TestDashboardData" name="test_get_user_profile" time="0.039"><skipped type="pytest.skip" message="Authentication failed">/app/backend/tests/test_auth_and_features.py:259: Authentication failed</skipped></testcase><testcase classname="backend.tests.test_auth_and_features.TestDashboardData" name="test_get_token_economy" time="0.040"><failure message="assert 404 == 200&#10; +  where 404 = &lt;Response [404]&gt;.status_code">backend/tests/test_auth_and_features.py:277: in test_get_token_economy
    assert response.status_code == 200
E   assert 404 == 200
E    +  where 404 = &lt;Response [404]&gt;.status_code</failure></testcase><testcase classname="backend.tests.test_auth_and_features.TestDashboardData" name="test_get_platform_stats" time="0.042"><failure message="AssertionError: assert 'total_jobs' in {'active_proposals': 0, 'courses_available': 0, 'jobs_completed': 0, 'total_users': 21}">backend/tests/test_auth_and_features.py:289: in test_get_platform_stats
    assert "total_jobs" in data
E   AssertionError: assert 'total_jobs' in {'active_proposals': 0, 'courses_available': 0, 'jobs_completed': 0, 'total_users': 21}</failure></testcase><testcase classname="backend.tests.test_auth_and_features.TestEventsAndTasks" name="test_get_world_time" time="0.038" /><testcase classname="backend.tests.test_auth_and_features.TestEventsAndTasks" name="test_get_active_npcs" time="0.039" /><testcase classname="backend.tests.test_auth_and_features.TestEventsAndTasks" name="test_get_available_tasks" time="0.039"><skipped type="pytest.skip" message="Authentication failed">/app/backend/tests/test_auth_and_features.py:323: Authentication failed</skipped></testcase><testcase classname="backend.tests.test_auth_and_features.TestEventsAndTasks" name="test_get_user_objectives" time="0.037"><skipped type="pytest.skip" message="Authentication failed">/app/backend/tests/test_auth_and_features.py:334: Authentication failed</skipped></testcase></testsuite></testsuites>