<?xml version="1.0" encoding="utf-8"?><testsuites name="pytest tests"><testsuite name="pytest" errors="0" failures="0" skipped="8" tests="29" time="1.484" timestamp="2026-03-24T17:54:50.333179+00:00" hostname="agent-env-d95ed649-b288-488d-b6ea-9c694f054ae8"><testcase classname="backend.tests.test_politics_stocks.TestPoliticsPublicEndpoints" name="test_get_political_statistics" time="0.010" /><testcase classname="backend.tests.test_politics_stocks.TestPoliticsPublicEndpoints" name="test_get_parties_list" time="0.006" /><testcase classname="backend.tests.test_politics_stocks.TestPoliticsPublicEndpoints" name="test_get_elections" time="0.005" /><testcase classname="backend.tests.test_politics_stocks.TestPoliticsPublicEndpoints" name="test_get_world_government" time="0.005" /><testcase classname="backend.tests.test_politics_stocks.TestPoliticsPublicEndpoints" name="test_get_zone_governments" time="0.010" /><testcase classname="backend.tests.test_politics_stocks.TestPoliticsPublicEndpoints" name="test_get_laws" time="0.005" /><testcase classname="backend.tests.test_politics_stocks.TestStocksPublicEndpoints" name="test_get_market_overview" time="0.009" /><testcase classname="backend.tests.test_politics_stocks.TestStocksPublicEndpoints" name="test_get_company_details" time="0.008" /><testcase classname="backend.tests.test_politics_stocks.TestStocksPublicEndpoints" name="test_get_company_not_found" time="0.005" /><testcase classname="backend.tests.test_politics_stocks.TestStocksPublicEndpoints" name="test_get_investor_leaderboard" time="0.006" /><testcase classname="backend.tests.test_politics_stocks.TestStocksPublicEndpoints" name="test_get_sector_performance" time="0.005" /><testcase classname="backend.tests.test_politics_stocks.TestPoliticsAuthenticatedEndpoints" name="test_get_my_political_status" time="0.235" /><testcase classname="backend.tests.test_politics_stocks.TestPoliticsAuthenticatedEndpoints" name="test_get_available_positions" time="0.233" /><testcase classname="backend.tests.test_politics_stocks.TestPoliticsAuthenticatedEndpoints" name="test_join_party_no_party_exists" time="0.234" /><testcase classname="backend.tests.test_politics_stocks.TestPoliticsAuthenticatedEndpoints" name="test_leave_party_not_in_party" time="0.233" /><testcase classname="backend.tests.test_politics_stocks.TestPoliticsAuthenticatedEndpoints" name="test_campaign_invalid_position" time="0.233" /><testcase classname="backend.tests.test_politics_stocks.TestPoliticsAuthenticatedEndpoints" name="test_propose_law_not_official" time="0.002"><skipped type="pytest.skip" message="Login failed: 429 - {&quot;detail&quot;:&quot;Rate limit exceeded. Max 20 requests per 1 minute(s).&quot;}">/app/backend/tests/test_politics_stocks.py:292: Login failed: 429 - {"detail":"Rate limit exceeded. Max 20 requests per 1 minute(s)."}</skipped></testcase><testcase classname="backend.tests.test_politics_stocks.TestStocksAuthenticatedEndpoints" name="test_get_portfolio" time="0.002"><skipped type="pytest.skip" message="Login failed: 429 - {&quot;detail&quot;:&quot;Rate limit exceeded. Max 20 requests per 1 minute(s).&quot;}">/app/backend/tests/test_politics_stocks.py:325: Login failed: 429 - {"detail":"Rate limit exceeded. Max 20 requests per 1 minute(s)."}</skipped></testcase><testcase classname="backend.tests.test_politics_stocks.TestStocksAuthenticatedEndpoints" name="test_get_transactions" time="0.002"><skipped type="pytest.skip" message="Login failed: 429 - {&quot;detail&quot;:&quot;Rate limit exceeded. Max 20 requests per 1 minute(s).&quot;}">/app/backend/tests/test_politics_stocks.py:347: Login failed: 429 - {"detail":"Rate limit exceeded. Max 20 requests per 1 minute(s)."}</skipped></testcase><testcase classname="backend.tests.test_politics_stocks.TestStocksAuthenticatedEndpoints" name="test_buy_stock_insufficient_funds" time="0.002"><skipped type="pytest.skip" message="Login failed: 429 - {&quot;detail&quot;:&quot;Rate limit exceeded. Max 20 requests per 1 minute(s).&quot;}">/app/backend/tests/test_politics_stocks.py:369: Login failed: 429 - {"detail":"Rate limit exceeded. Max 20 requests per 1 minute(s)."}</skipped></testcase><testcase classname="backend.tests.test_politics_stocks.TestStocksAuthenticatedEndpoints" name="test_buy_stock_invalid_company" time="0.002"><skipped type="pytest.skip" message="Login failed: 429 - {&quot;detail&quot;:&quot;Rate limit exceeded. Max 20 requests per 1 minute(s).&quot;}">/app/backend/tests/test_politics_stocks.py:383: Login failed: 429 - {"detail":"Rate limit exceeded. Max 20 requests per 1 minute(s)."}</skipped></testcase><testcase classname="backend.tests.test_politics_stocks.TestStocksAuthenticatedEndpoints" name="test_sell_stock_no_holdings" time="0.002"><skipped type="pytest.skip" message="Login failed: 429 - {&quot;detail&quot;:&quot;Rate limit exceeded. Max 20 requests per 1 minute(s).&quot;}">/app/backend/tests/test_politics_stocks.py:396: Login failed: 429 - {"detail":"Rate limit exceeded. Max 20 requests per 1 minute(s)."}</skipped></testcase><testcase classname="backend.tests.test_politics_stocks.TestStocksAuthenticatedEndpoints" name="test_buy_stock_success" time="0.002"><skipped type="pytest.skip" message="Login failed: 429 - {&quot;detail&quot;:&quot;Rate limit exceeded. Max 20 requests per 1 minute(s).&quot;}">/app/backend/tests/test_politics_stocks.py:410: Login failed: 429 - {"detail":"Rate limit exceeded. Max 20 requests per 1 minute(s)."}</skipped></testcase><testcase classname="backend.tests.test_politics_stocks.TestStocksAuthenticatedEndpoints" name="test_sell_stock_success" time="0.002"><skipped type="pytest.skip" message="Login failed: 429 - {&quot;detail&quot;:&quot;Rate limit exceeded. Max 20 requests per 1 minute(s).&quot;}">/app/backend/tests/test_politics_stocks.py:439: Login failed: 429 - {"detail":"Rate limit exceeded. Max 20 requests per 1 minute(s)."}</skipped></testcase><testcase classname="backend.tests.test_politics_stocks.TestStocksDataIntegrity" name="test_all_companies_have_required_fields" time="0.009" /><testcase classname="backend.tests.test_politics_stocks.TestStocksDataIntegrity" name="test_stock_prices_are_positive" time="0.009" /><testcase classname="backend.tests.test_politics_stocks.TestStocksDataIntegrity" name="test_market_cap_calculation" time="0.009" /><testcase classname="backend.tests.test_politics_stocks.TestPoliticsDataIntegrity" name="test_all_zones_have_required_fields" time="0.007" /><testcase classname="backend.tests.test_politics_stocks.TestPoliticsDataIntegrity" name="test_zone_governments_match_zones" time="0.015" /></testsuite></testsuites>